Connected to DB
request: /api/songs/ins, time:14:15
request: /api/songs/ins, time:14:15
request: /api/songs/ins, time:14:15
request: /api/songs/get?limit=250&offset=0, time:14:15
request: /api/teams/logged, time:14:15
request: /api/songs/random, time:14:15
request: /api/playlists/next, time:14:15
request: /api/tasks/get, time:14:15
request: /api/team/members, time:14:15
request: /api/playlists/get?limit=250&offset=0, time:14:15
request: /api/songs/get?limit=250&offset=0, time:14:15
request: /api/login, time:14:15
LETS DO LOGIN
username: samuel.senigl@gmail.com
password: samueltelc12
account with this email was found
correct password and username
token generated
new token was saved, login was successful
request: /api/teams/logged, time:14:15
request: /api/playlists/next, time:14:15
request: /api/tasks/get, time:14:15
request: /api/songs/random, time:14:15
request: /api/users/logged, time:14:15
request: /api/teams/logged, time:14:15
request: /api/songs/random, time:14:15
request: /api/tasks/get, time:14:15
request: /api/playlists/next, time:14:15
request: /api/team/members, time:14:15
request: /api/playlists/get?limit=50&offset=0, time:14:15
request: /api/playlists/get/10, time:14:15
request: /api/playlists/members/10, time:14:15
request: /api/playlists/songs/10, time:14:15
request: /api/users/logged, time:14:15
request: /api/users/logged, time:14:15
request: /api/teams/logged, time:14:15
request: /api/tasks/get, time:14:15
request: /api/playlists/next, time:14:15
request: /api/songs/random, time:14:15
request: /api/login, time:14:15
LETS DO LOGIN
username: samuel.senigl@gmail.com
password: samueltelc12
account with this email was found
correct password and username
token generated
new token was saved, login was successful
request: /api/users/logged, time:14:15
request: /api/playlists/next, time:14:15
request: /api/tasks/get, time:14:15
request: /api/songs/random, time:14:15
request: /api/teams/logged, time:14:15
request: /api/users/logged, time:14:15
request: /api/teams/logged, time:14:15
request: /api/songs/random, time:14:15
request: /api/playlists/next, time:14:15
request: /api/tasks/get, time:14:15
request: /api/users/logged, time:14:15
request: /api/teams/logged, time:14:15
request: /api/playlists/next, time:14:15
request: /api/tasks/get, time:14:15
request: /api/songs/random, time:14:15
request: /api/teams/logged, time:14:15
request: /api/users/logged, time:14:15
request: /api/songs/random, time:14:15
request: /api/playlists/next, time:14:15
request: /api/tasks/get, time:14:15
request: /api/users/logged, time:14:15
request: /api/teams/logged, time:14:15
request: /api/songs/random, time:14:15
request: /api/playlists/next, time:14:15
request: /api/tasks/get, time:14:15
request: /api/users/logged, time:14:15
request: /api/teams/logged, time:14:15
request: /api/songs/random, time:14:15
request: /api/playlists/next, time:14:15
request: /api/tasks/get, time:14:15
request: /api/users/logged, time:14:15
request: /api/teams/logged, time:14:15
request: /api/songs/random, time:14:15
request: /api/playlists/next, time:14:15
request: /api/tasks/get, time:14:15
request: /api/users/logged, time:14:15
request: /api/teams/logged, time:14:15
request: /api/songs/random, time:14:15
request: /api/playlists/next, time:14:15
request: /api/tasks/get, time:14:15
request: /api/songs/random, time:14:15
request: /api/teams/logged, time:14:15
request: /api/users/logged, time:14:15
request: /api/playlists/next, time:14:15
request: /api/tasks/get, time:14:15
request: /api/users/logged, time:14:15
request: /api/teams/logged, time:14:15
request: /api/songs/random, time:14:15
request: /api/playlists/next, time:14:15
request: /api/tasks/get, time:14:15
request: /api/users/logged, time:14:15
request: /api/teams/logged, time:14:15
request: /api/songs/random, time:14:15
request: /api/playlists/next, time:14:15
request: /api/tasks/get, time:14:15
request: /api/users/logged, time:14:15
request: /api/teams/logged, time:14:15
request: /api/songs/random, time:14:15
request: /api/playlists/next, time:14:15
request: /api/tasks/get, time:14:15
request: /api/users/logged, time:14:15
request: /api/teams/logged, time:14:15
request: /api/songs/random, time:14:15
request: /api/playlists/next, time:14:15
request: /api/tasks/get, time:14:15
request: /api/users/logged, time:14:15
request: /api/teams/logged, time:14:15
request: /api/songs/random, time:14:15
request: /api/playlists/next, time:14:15
request: /api/tasks/get, time:14:15
request: /api/users/logged, time:14:15
request: /api/teams/logged, time:14:15
request: /api/songs/random, time:14:15
request: /api/playlists/next, time:14:15
request: /api/tasks/get, time:14:15
request: /api/teams/logged, time:14:15
request: /api/users/logged, time:14:15
request: /api/songs/random, time:14:15
request: /api/playlists/next, time:14:15
request: /api/tasks/get, time:14:15
request: /api/users/logged, time:14:15
request: /api/teams/logged, time:14:15
request: /api/songs/random, time:14:15
request: /api/playlists/next, time:14:15
request: /api/tasks/get, time:14:15
request: /api/users/logged, time:14:15
request: /api/teams/logged, time:14:15
request: /api/songs/random, time:14:15
request: /api/playlists/next, time:14:15
request: /api/tasks/get, time:14:15
request: /api/users/logged, time:14:15
request: /api/songs/random, time:14:15
request: /api/teams/logged, time:14:15
request: /api/playlists/next, time:14:15
request: /api/tasks/get, time:14:15
request: /api/users/logged, time:14:15
request: /api/teams/logged, time:14:15
request: /api/songs/random, time:14:15
request: /api/playlists/next, time:14:15
request: /api/tasks/get, time:14:15
request: /api/users/logged, time:14:15
request: /api/teams/logged, time:14:15
request: /api/songs/random, time:14:15
request: /api/playlists/next, time:14:15
request: /api/tasks/get, time:14:15
request: /api/users/logged, time:14:15
request: /api/teams/logged, time:14:15
request: /api/songs/random, time:14:15
request: /api/playlists/next, time:14:15
request: /api/tasks/get, time:14:15
request: /api/users/logged, time:14:15
request: /api/teams/logged, time:14:15
request: /api/songs/random, time:14:15
request: /api/playlists/next, time:14:15
request: /api/tasks/get, time:14:15
request: /api/users/logged, time:14:15
request: /api/teams/logged, time:14:15
request: /api/songs/random, time:14:15
request: /api/playlists/next, time:14:15
request: /api/tasks/get, time:14:15
request: /api/users/logged, time:14:15
request: /api/teams/logged, time:14:15
request: /api/songs/random, time:14:15
request: /api/playlists/next, time:14:15
request: /api/tasks/get, time:14:15
request: /api/users/logged, time:14:15
request: /api/teams/logged, time:14:15
request: /api/songs/random, time:14:15
request: /api/tasks/get, time:14:15
request: /api/playlists/next, time:14:15
request: /api/teams/logged, time:14:15
request: /api/users/logged, time:14:15
request: /api/songs/random, time:14:15
request: /api/playlists/next, time:14:15
request: /api/tasks/get, time:14:15
request: /api/teams/logged, time:14:15
request: /api/songs/random, time:14:15
request: /api/playlists/next, time:14:15
request: /api/users/logged, time:14:15
request: /api/tasks/get, time:14:15
request: /api/users/logged, time:14:15
request: /api/playlists/next, time:14:15
request: /api/songs/random, time:14:15
request: /api/teams/logged, time:14:15
request: /api/tasks/get, time:14:15
request: /api/users/logged, time:14:15
request: /api/songs/random, time:14:15
request: /api/playlists/next, time:14:15
request: /api/tasks/get, time:14:15
request: /api/teams/logged, time:14:15
request: /api/login, time:14:15
LETS DO LOGIN
username: samuel.senigl@gmail.com
password: samueltelc12
account with this email was found
correct password and username
token generated
new token was saved, login was successful
request: /api/users/logged, time:14:15
request: /api/songs/random, time:14:15
request: /api/playlists/next, time:14:15
request: /api/tasks/get, time:14:15
request: /api/teams/logged, time:14:15
request: /api/songs/get?limit=50&offset=0, time:14:15
request: /api/teams/logged, time:14:15
request: /api/playlists/next, time:14:15
request: /api/tasks/get, time:14:15
request: /api/songs/random, time:14:15
request: /api/users/logged, time:14:15
request: /api/teams/logged, time:14:15
request: /api/songs/random, time:14:15
request: /api/playlists/next, time:14:15
request: /api/tasks/get, time:14:15
request: /api/songs/get?limit=50&offset=0, time:14:15
request: /api/teams/logged, time:14:15
request: /api/songs/random, time:14:15
request: /api/playlists/next, time:14:15
request: /api/tasks/get, time:14:15
request: /api/login, time:14:15
LETS DO LOGIN
username: samuel.senigl@gmail.com
password: samueltelc12
account with this email was found
correct password and username
token generated
new token was saved, login was successful
request: /api/users/logged, time:14:15
request: /api/playlists/next, time:14:15
request: /api/songs/random, time:14:15
request: /api/tasks/get, time:14:15
request: /api/teams/logged, time:14:15
request: /api/login, time:14:15
LETS DO LOGIN
username: samuel.senigl@gmail.com
password: samueltelc12
account with this email was found
correct password and username
token generated
new token was saved, login was successful
request: /api/users/logged, time:14:15
request: /api/teams/logged, time:14:15
request: /api/songs/random, time:14:15
request: /api/playlists/next, time:14:15
request: /api/tasks/get, time:14:15
request: /api/playlists/get?limit=50&offset=0, time:14:15
request: /api/team/members, time:14:15
request: /api/playlists/get/10, time:14:15
request: /api/playlists/songs/10, time:14:15
request: /api/playlists/members/10, time:14:15
request: /api/team/members, time:14:15
request: /api/playlists/get?limit=50&offset=0, time:14:15
request: /api/team/members, time:14:15
request: /api/songs/get?search=1, time:14:15
request: /api/songs/get?search=10, time:14:15
request: /api/songs/get?search=B, time:14:15
request: /api/songs/get?search=Bl, time:14:15
request: /api/songs/get?search=Bl%C5%BE, time:14:15
