Connected to DB
request: /api/users/logged, time:21:47
request: /api/teams/logged, time:21:47
request: /api/songs/random, time:21:47
request: /api/playlists/next, time:21:47
request: /api/tasks/get, time:21:47
request: /api/playlists/songs/7, time:21:47
request: /api/playlists/members/7, time:21:47
request: /api/songs/get?limit=25&offset=0, time:21:47
request: /, time:21:47
request: /, time:21:47
request: http://api.ipify.org/?format=json, time:21:47
request: http://azenv.net/, time:21:47
request: /, time:21:47
request: /favicon.ico, time:21:47
request: /robots.txt, time:21:47
request: /sitemap.xml, time:21:47
request: /api/teams/logged, time:21:47
request: /api/songs/random, time:21:47
request: /api/playlists/next, time:21:47
request: /api/users/logged, time:21:47
request: /api/tasks/get, time:21:47
request: /api/login, time:21:47
LETS DO LOGIN
username: samuel.senigl@gmail.com
password: samueltelc12
account with this email was found
correct password and username
token generated
new token was saved, login was successful
request: /api/users/logged, time:21:47
request: /api/teams/logged, time:21:47
request: /api/songs/random, time:21:47
request: /api/playlists/next, time:21:47
request: /api/tasks/get, time:21:47
request: /api/playlists/members/7, time:21:47
request: /api/playlists/songs/7, time:21:47
request: /api/songs/get?limit=25&offset=0, time:21:47
request: /, time:21:47
request: /ab2g, time:21:47
request: /ab2h, time:21:47
request: /, time:21:47
request: /, time:21:47
request: /, time:21:47
request: /, time:21:47
request: /favicon.ico, time:21:47
request: /api/users/logged, time:21:47
request: /api/login, time:21:47
LETS DO LOGIN
username: ssenigl@josiahventure.com
password: kabra13
account with this email was found
result was not only one
request: /api/login, time:21:47
LETS DO LOGIN
username: samuel.senigl@gmail.com
password: samueltelc12
account with this email was found
correct password and username
token generated
new token was saved, login was successful
request: /api/users/logged, time:21:47
request: /api/songs/random, time:21:47
request: /api/playlists/next, time:21:47
request: /api/tasks/get, time:21:47
request: /api/teams/logged, time:21:47
request: /api/playlists/members/7, time:21:47
request: /api/playlists/songs/7, time:21:47
request: /api/songs/get?limit=50&offset=0, time:21:47
