Connected to DB
request: /api/team/members, time:17:27
request: /api/playlists/get/11, time:17:27
request: /api/playlists/members/11, time:17:27
request: /api/playlists/songs/11, time:17:27
request: /api/team/members, time:17:27
request: /api/playlists/get?limit=50&offset=0, time:17:27
request: /api/playlists/get/11, time:17:27
request: /api/playlists/members/11, time:17:27
request: /api/playlists/songs/11, time:17:27
request: /api/team/members, time:17:27
request: /api/playlists/get/11, time:17:27
request: /api/playlists/members/11, time:17:27
request: /api/playlists/songs/11, time:17:27
request: /api/songs/get?search=U, time:17:27
request: /api/songs/get?search=U%C5%BE, time:17:27
request: /api/songs/get?search=U%C5%BE, time:17:27
request: /api/songs/get?search=U%C5%BE%20n, time:17:27
request: /api/songs/get?search=U%C5%BE%20ne, time:17:27
request: /api/playlists/upd/11, time:17:27
request: /api/playlists/get/11, time:17:27
request: /api/playlists/members/11, time:17:27
request: /api/playlists/songs/11, time:17:27
request: /api/team/members, time:17:27
request: /api/playlists/get?limit=50&offset=0, time:17:27
request: /api/playlists/get/11, time:17:27
request: /api/playlists/members/11, time:17:27
request: /api/playlists/songs/11, time:17:27
request: /api/team/members, time:17:27
request: /api/playlists/get/11, time:17:27
request: /api/playlists/members/11, time:17:27
request: /api/playlists/songs/11, time:17:27
request: /api/songs/get?search=1, time:17:27
request: /api/songs/get?search=10, time:17:27
request: /api/playlists/upd/11, time:17:27
request: /api/playlists/get/11, time:17:27
request: /api/playlists/members/11, time:17:27
request: /api/playlists/songs/11, time:17:27
request: /api/team/members, time:17:27
request: /api/playlists/get/11, time:17:27
request: /api/playlists/members/11, time:17:27
request: /api/playlists/songs/11, time:17:27
request: /api/songs/get?search=b, time:17:27
request: /api/songs/get?search=bl, time:17:27
request: /api/playlists/upd/11, time:17:27
request: /api/playlists/members/11, time:17:27
request: /api/playlists/get/11, time:17:27
request: /api/playlists/songs/11, time:17:27
request: /api/songs/get?limit=50&offset=0, time:17:27
request: /api/team/members, time:17:27
request: /api/playlists/get?limit=50&offset=0, time:17:27
request: /api/playlists/get/11, time:17:27
request: /api/playlists/members/11, time:17:27
request: /api/playlists/songs/11, time:17:27
request: /api/team/members, time:17:27
request: /api/playlists/get/11, time:17:27
request: /api/playlists/members/11, time:17:27
request: /api/playlists/songs/11, time:17:27
request: /api/songs/get?search=U, time:17:27
request: /api/songs/get?search=U%C5%BE, time:17:27
request: /api/songs/get?search=U%C5%BE, time:17:27
request: /api/songs/get?search=U%C5%BE%20n, time:17:27
request: /api/songs/get?search=U%C5%BE%20ne, time:17:27
request: /api/songs/get?search=U%C5%BE%20nej, time:17:27
request: /api/playlists/upd/11, time:17:27
request: /api/playlists/members/11, time:17:27
request: /api/playlists/get/11, time:17:27
request: /api/playlists/songs/11, time:17:27
request: /api/playlists/get/11, time:17:27
request: /api/users/logged, time:17:27
request: /api/playlists/members/11, time:17:27
request: /api/playlists/songs/11, time:17:27
request: /api/playlists/members/11, time:17:27
request: /api/playlists/songs/11, time:17:27
request: /api/playlists/get/11, time:17:27
request: /api/team/members, time:17:27
request: /api/songs/get?search=%C3%A1, time:17:27
request: /api/songs/get?search=%C3%A1r, time:17:27
request: /api/playlists/upd/11, time:17:27
request: /api/playlists/get/11, time:17:27
request: /api/playlists/members/11, time:17:27
request: /api/playlists/songs/11, time:17:27
request: /api/songs/get?limit=50&offset=0, time:17:27
request: /api/team/members, time:17:27
request: /api/playlists/get?limit=50&offset=0, time:17:27
request: /api/songs/random, time:17:27
request: /api/teams/logged, time:17:27
request: /api/tasks/get, time:17:27
request: /api/playlists/next, time:17:27
