Connected to DB
request: /api/restorePassword, time:17:8
request: /api/login, time:17:8
LETS DO LOGIN
username: samuel.senigl@gmail.com
password: BgWggw
account with this email was found
correct password and username
token generated
new token was saved, login was successful
request: /api/users/logged, time:17:8
request: /api/songs/random, time:17:8
request: /api/playlists/next, time:17:8
request: /api/tasks/get, time:17:8
request: /api/teams/logged, time:17:8
request: /api/playlists/members/7, time:17:8
request: /api/playlists/songs/7, time:17:8
request: /api/restorePassword, time:17:8
request: /api/login, time:17:8
LETS DO LOGIN
username: samuel.senigl@gmail.com
password: UdDvEQ
account with this email was found
correct password and username
token generated
new token was saved, login was successful
request: /api/users/logged, time:17:8
request: /api/playlists/next, time:17:8
request: /api/songs/random, time:17:8
request: /api/tasks/get, time:17:8
request: /api/teams/logged, time:17:8
request: /api/playlists/members/7, time:17:8
request: /api/playlists/songs/7, time:17:8
