Connected to DB
request: /api/team/members, time:17:25
request: /api/songs/get?search=1, time:17:25
request: /api/songs/get?search=10, time:17:25
request: /api/songs/get?search=B, time:17:25
request: /api/songs/get?search=Bl, time:17:25
request: /api/playlists/ins, time:17:25
request: /api/team/members, time:17:25
request: /api/playlists/get?limit=50&offset=0, time:17:25
request: /api/playlists/members/11, time:17:25
request: /api/playlists/get/11, time:17:25
request: /api/playlists/songs/11, time:17:25
request: /api/team/members, time:17:25
request: /api/playlists/get/11, time:17:25
request: /api/playlists/members/11, time:17:25
request: /api/playlists/songs/11, time:17:25
request: /api/songs/get?search=U, time:17:25
request: /api/songs/get?search=U%C5%BE, time:17:25
request: /api/songs/get?search=U%C5%BE, time:17:25
request: /api/songs/get?search=U%C5%BE%20n, time:17:25
request: /api/songs/get?search=U%C5%BE%20ne, time:17:25
request: /api/songs/get?search=U%C5%BE%20nej, time:17:25
request: /api/team/members, time:17:25
request: /api/playlists/get/11, time:17:25
request: /api/playlists/members/11, time:17:25
request: /api/playlists/songs/11, time:17:25
request: /api/songs/get?search=a, time:17:25
request: /api/songs/get?search=ah, time:17:25
request: /api/songs/get?search=aho, time:17:25
