Connected to DB
request: /api/login, time:17:40
LETS DO LOGIN
username: samuel.senigl@gmail.com
password: samueltelc12
account with this email was found
correct password and username
token generated
new token was saved, login was successful
request: /api/users/logged, time:17:40
request: /api/teams/logged, time:17:40
request: /api/songs/random, time:17:40
request: /api/playlists/next, time:17:40
request: /api/tasks/get, time:17:40
request: /api/playlists/members/7, time:17:40
request: /api/playlists/songs/7, time:17:40
request: /api/songs/get?limit=25&offset=0, time:17:40
request: /api/songs/get/48, time:17:40
request: /api/tags/get/48, time:17:40
request: /api/notes/get/48, time:17:40
request: /api/songs/random, time:17:40
request: /api/playlists/next, time:17:40
request: /api/tasks/get, time:17:40
request: /api/teams/logged, time:17:40
request: /api/playlists/songs/7, time:17:40
request: /api/playlists/members/7, time:17:40
request: /api/login, time:17:40
LETS DO LOGIN
username: samuel.senigl@gmail.com
password: samueltelc12
account with this email was found
correct password and username
token generated
new token was saved, login was successful
request: /api/songs/random, time:17:40
request: /api/users/logged, time:17:40
request: /api/teams/logged, time:17:40
request: /api/playlists/next, time:17:40
request: /api/tasks/get, time:17:40
request: /api/playlists/songs/7, time:17:40
request: /api/playlists/members/7, time:17:40
request: /, time:17:40
request: /, time:17:40
request: /favicon.ico, time:17:40
request: /, time:17:40
request: /cgi-bin/downloadFlile.cgi, time:17:40
request: /remote/login, time:17:40
request: /, time:17:40
request: /ab2g, time:17:40
request: /ab2h, time:17:40
request: /, time:17:40
request: /, time:17:40
request: /favicon.ico, time:17:40
request: http://api.ipify.org/?format=json, time:17:40
request: /api/teams/logged, time:17:40
request: /api/users/logged, time:17:40
request: /api/songs/random, time:17:40
request: /api/playlists/next, time:17:40
request: /api/tasks/get, time:17:40
request: /, time:17:40
request: /, time:17:40
request: /favicon.ico, time:17:40
request: /api/restorePassword, time:17:40
