Connected to DB
request: /api/tasks/get/14, time:16:55
request: /api/tasks/shared/14, time:16:55
request: /api/team/members, time:16:55
request: /api/tasks/get?limit=5&offset=0, time:16:55
request: /api/tasks/get/10, time:16:55
request: /api/tasks/shared/10, time:16:55
request: /api/team/members, time:16:55
request: /api/tasks/get?limit=5&offset=0, time:16:55
request: /api/tasks/get/16, time:16:55
request: /api/tasks/shared/16, time:16:55
request: /api/team/members, time:16:55
request: /api/tasks/get?limit=5&offset=0, time:16:55
request: /api/tasks/get?limit=25&offset=0, time:16:55
request: /api/tasks/get/1, time:16:55
request: /api/tasks/shared/1, time:16:55
request: /api/tasks/get?limit=25&offset=0, time:16:55
request: /api/team/members, time:16:55
request: /api/tasks/get_adv?limit=25&offset=0, time:16:55
request: /api/tasks/get_adv?limit=25&offset=0, time:16:55
request: /api/tasks/get_adv?limit=25&offset=0, time:16:55
request: /api/tasks/get_adv?limit=25&offset=0, time:16:55
