Connected to DB
request: /api/login, time:17:17
LETS DO LOGIN
username: samuel.senigl@gmail.com
password: samueltelc12
account with this email was found
correct password and username
token generated
new token was saved, login was successful
request: /api/users/logged, time:17:17
request: /api/teams/logged, time:17:17
request: /api/tasks/get, time:17:17
request: /api/songs/random, time:17:17
request: /api/playlists/next, time:17:17
request: /api/users/logged, time:17:17
request: /api/teams/logged, time:17:17
request: /api/songs/random, time:17:17
request: /api/playlists/next, time:17:17
request: /api/tasks/get, time:17:17
request: /api/team/members, time:17:17
request: /api/playlists/get?limit=250&offset=0, time:17:17
request: /api/songs/get?limit=250&offset=0, time:17:17
request: /api/songs/random, time:17:17
request: /api/playlists/next, time:17:17
request: /api/tasks/get, time:17:17
request: /api/teams/logged, time:17:17
