Connected to DB
request: /, time:17:36
request: /, time:17:36
request: /favicon.ico, time:17:36
request: /api/login, time:17:36
LETS DO LOGIN
username: undefined
password: undefined
account with this email was found
result was not only one
request: /favicon.ico, time:17:36
request: /api/login, time:17:36
LETS DO LOGIN
username: undefined
password: undefined
account with this email was found
result was not only one
request: /favicon.ico, time:17:36
request: /api/login, time:17:36
LETS DO LOGIN
username: undefined
password: undefined
account with this email was found
result was not only one
request: /api/login, time:17:36
LETS DO LOGIN
username: undefined
password: undefined
account with this email was found
result was not only one
request: /favicon.ico, time:17:36
request: /api/login, time:17:36
LETS DO LOGIN
username: undefined
password: undefined
account with this email was found
result was not only one
request: /favicon.ico, time:17:36
request: /api/login, time:17:36
LETS DO LOGIN
username: samuel.senigl@gmail.com
password: samueltelc12
account with this email was found
correct password and username
token generated
new token was saved, login was successful
request: /api/users/logged, time:17:36
request: /api/teams/logged, time:17:36
request: /api/songs/random, time:17:36
request: /api/playlists/next, time:17:36
request: /api/tasks/get, time:17:36
request: /api/playlists/members/7, time:17:36
request: /api/playlists/songs/7, time:17:36
request: /api/team/members, time:17:36
request: /api/team/members, time:17:36
request: /favicon.ico, time:17:36
request: /api/users/logged, time:17:36
request: /api/team/members, time:17:36
request: /api/playlists/get?limit=50&offset=0, time:17:36
request: /api/users/logged, time:17:36
request: /api/team/members, time:17:36
request: /api/playlists/get?limit=50&offset=0, time:17:36
request: /api/songs/get?limit=50&offset=0, time:17:36
request: /api/users/logged, time:17:36
request: /api/songs/get?limit=50&offset=0, time:17:36
request: /api/team/members, time:17:36
request: /api/playlists/get?limit=50&offset=0, time:17:36
request: /api/login, time:17:36
LETS DO LOGIN
username: undefined
password: undefined
account with this email was found
result was not only one
request: /api/login, time:17:36
LETS DO LOGIN
username: undefined
password: undefined
account with this email was found
result was not only one
request: /favicon.ico, time:17:36
request: /api/login, time:17:36
LETS DO LOGIN
username: undefined
password: undefined
account with this email was found
result was not only one
request: /api/users/logged, time:17:36
request: /api/team/members, time:17:36
request: /api/playlists/get?limit=50&offset=0, time:17:36
request: /api/songs/get?limit=50&offset=0, time:17:36
request: /api/teams/logged, time:17:36
request: /api/playlists/next, time:17:36
request: /api/tasks/get, time:17:36
request: /api/songs/random, time:17:36
request: /api/playlists/members/7, time:17:36
request: /api/playlists/songs/7, time:17:36
request: /api/team/members, time:17:36
request: /api/playlists/get?limit=50&offset=0, time:17:36
request: /api/songs/get?limit=50&offset=0, time:17:36
request: /api/users/logged, time:17:36
request: /api/playlists/get?limit=50&offset=0, time:17:36
request: /api/team/members, time:17:36
request: /api/songs/get?limit=50&offset=0, time:17:36
request: /api/users/logged, time:17:36
request: /api/songs/get?limit=50&offset=0, time:17:36
request: /api/team/members, time:17:36
request: /api/playlists/get?limit=50&offset=0, time:17:36
request: /api/team/members, time:17:36
request: /api/users/logged, time:17:36
request: /api/playlists/get?limit=50&offset=0, time:17:36
request: /api/songs/get?limit=50&offset=0, time:17:36
request: /api/login, time:17:36
LETS DO LOGIN
username: samuel.senigl@gmail.com
password: samueltelc12
account with this email was found
correct password and username
token generated
new token was saved, login was successful
request: /api/users/logged, time:17:36
request: /api/teams/logged, time:17:36
request: /api/songs/random, time:17:36
request: /api/playlists/next, time:17:36
request: /api/tasks/get, time:17:36
request: /api/playlists/members/7, time:17:36
request: /api/playlists/songs/7, time:17:36
request: /api/users/logged, time:17:36
request: /api/teams/logged, time:17:36
request: /api/songs/random, time:17:36
request: /api/playlists/next, time:17:36
request: /api/tasks/get, time:17:36
request: /api/playlists/members/7, time:17:36
request: /api/playlists/songs/7, time:17:36
request: /api/songs/get?limit=25&offset=0, time:17:36
request: /api/users/logged, time:17:36
request: /api/songs/get?limit=50&offset=0, time:17:36
request: /api/team/members, time:17:36
request: /api/tasks/get?limit=50&offset=0, time:17:36
request: /api/team/members, time:17:36
request: /api/playlists/get?limit=50&offset=0, time:17:36
request: /api/team/members, time:17:36
request: /api/playlists/get?limit=50&offset=0, time:17:36
request: /api/team/members, time:17:36
request: /api/playlists/get?limit=50&offset=0, time:17:36
request: /api/team/members, time:17:36
request: /api/playlists/get?limit=50&offset=0, time:17:36
request: /api/team/members, time:17:36
request: /api/playlists/get?limit=50&offset=0, time:17:36
request: /api/team/members, time:17:36
request: /api/playlists/get?limit=50&offset=0, time:17:36
request: /api/team/members, time:17:36
request: /api/playlists/get?limit=50&offset=0, time:17:36
request: /api/team/members, time:17:36
request: /api/playlists/get?limit=50&offset=0, time:17:36
request: /api/playlists/get_adv, time:17:36
