Connected to DB
request: /api/users/logged, time:12:17
request: /api/teams/logged, time:12:17
request: /api/songs/random, time:12:17
request: /api/playlists/next, time:12:17
request: /api/tasks/get, time:12:17
request: /api/login, time:12:17
LETS DO LOGIN
username: samuel.senigl@gmail.com
password: samueltelc12
account with this email was found
correct password and username
token generated
new token was saved, login was successful
request: /api/users/logged, time:12:17
request: /api/teams/logged, time:12:17
request: /api/songs/random, time:12:17
request: /api/playlists/next, time:12:17
request: /api/tasks/get, time:12:17
request: /api/playlists/members/7, time:12:17
request: /api/playlists/songs/7, time:12:17
request: /api/songs/get?limit=25&offset=0, time:12:17
request: /api/users/logged, time:12:17
request: /api/login, time:12:17
LETS DO LOGIN
username: samuel.senigl@gmail.com
password: samueltelc12
account with this email was found
correct password and username
token generated
new token was saved, login was successful
request: /api/users/logged, time:12:17
request: /api/teams/logged, time:12:17
request: /api/songs/random, time:12:17
request: /api/playlists/next, time:12:17
request: /api/tasks/get, time:12:17
request: /api/playlists/members/7, time:12:17
request: /api/playlists/songs/7, time:12:17
request: /api/users/logged, time:12:17
request: /api/songs/random, time:12:17
request: /api/teams/logged, time:12:17
request: /api/playlists/next, time:12:17
request: /api/tasks/get, time:12:17
request: /api/playlists/members/7, time:12:17
request: /api/playlists/songs/7, time:12:17
request: /api/team/members, time:12:17
request: /api/tasks/get?limit=50&offset=0, time:12:17
request: /api/users/logged, time:12:17
request: /api/team/members, time:12:17
request: /api/tasks/get?limit=50&offset=0, time:12:17
request: /api/team/members, time:12:17
request: /api/playlists/get?limit=50&offset=0, time:12:17
request: /api/songs/get?limit=50&offset=0, time:12:17
request: /api/users/logged, time:12:17
request: /api/songs/get?limit=50&offset=0, time:12:17
request: /api/users/logged, time:12:17
request: /api/songs/get?limit=50&offset=0, time:12:17
request: /api/users/logged, time:12:17
request: /api/songs/get?limit=50&offset=0, time:12:17
request: /api/users/logged, time:12:17
request: /api/songs/get?limit=50&offset=0, time:12:17
request: /api/songs/get?limit=50&offset=0, time:12:17
request: /api/songs/get?limit=50&offset=0, time:12:17
request: /api/songs/get?limit=50&offset=0, time:12:17
request: /api/team/members, time:12:17
request: /api/playlists/get?limit=50&offset=0, time:12:17
request: /api/team/members, time:12:17
request: /api/tasks/get?limit=50&offset=0, time:12:17
