Connected to DB
request: /api/teams/logged, time:17:51
request: /api/songs/random, time:17:51
request: /api/playlists/next, time:17:51
request: /api/tasks/get, time:17:51
request: /api/playlists/songs/11, time:17:51
request: /api/playlists/members/11, time:17:51
request: /api/playlists/members/11, time:17:51
request: /api/playlists/songs/11, time:17:51
request: /api/playlists/get/11, time:17:51
request: /api/users/logged, time:17:51
request: /api/teams/logged, time:17:51
request: /api/songs/random, time:17:51
request: /api/playlists/next, time:17:51
request: /api/tasks/get, time:17:51
request: /api/playlists/members/11, time:17:51
request: /api/playlists/songs/11, time:17:51
request: /api/users/logged, time:17:51
request: /api/playlists/get/11, time:17:51
request: /api/playlists/members/11, time:17:51
request: /api/playlists/songs/11, time:17:51
request: /api/team/members, time:17:51
request: /api/playlists/members/11, time:17:51
request: /api/playlists/songs/11, time:17:51
request: /api/playlists/get/11, time:17:51
request: /api/songs/get?search=1, time:17:51
request: /api/songs/get?search=10, time:17:51
request: /api/songs/get?search=1, time:17:51
request: /api/songs/get?search=, time:17:51
request: /api/songs/get?search=B, time:17:51
request: /api/songs/get?search=Bl, time:17:51
request: /api/playlists/upd/11, time:17:51
request: /api/playlists/songs/11, time:17:51
request: /api/playlists/get/11, time:17:51
request: /api/playlists/members/11, time:17:51
request: /api/songs/random, time:17:51
request: /api/playlists/next, time:17:51
request: /api/tasks/get, time:17:51
request: /api/teams/logged, time:17:51
request: /api/playlists/members/11, time:17:51
request: /api/playlists/songs/11, time:17:51
request: /api/playlists/get/11, time:17:51
request: /api/users/logged, time:17:51
request: /api/playlists/members/11, time:17:51
request: /api/playlists/songs/11, time:17:51
request: /api/playlists/get/11, time:17:51
request: /api/playlists/songs/11, time:17:51
request: /api/playlists/members/11, time:17:51
request: /api/team/members, time:17:51
request: /api/songs/get?search=U, time:17:51
request: /api/songs/get?search=U%C5%BE, time:17:51
request: /api/songs/get?search=U%C5%BE, time:17:51
request: /api/songs/get?search=U%C5%BE%20n, time:17:51
request: /api/songs/get?search=U%C5%BE%20ne, time:17:51
request: /api/songs/get?search=U%C5%BE%20nej, time:17:51
request: /api/playlists/upd/11, time:17:51
request: /api/playlists/get/11, time:17:51
request: /api/playlists/members/11, time:17:51
request: /api/playlists/songs/11, time:17:51
request: /api/team/members, time:17:51
request: /api/playlists/get/11, time:17:51
request: /api/playlists/members/11, time:17:51
request: /api/playlists/songs/11, time:17:51
request: /api/playlists/upd/11, time:17:51
request: /api/playlists/members/11, time:17:51
request: /api/playlists/get/11, time:17:51
request: /api/playlists/songs/11, time:17:51
request: /api/teams/logged, time:17:51
request: /api/songs/random, time:17:51
request: /api/playlists/next, time:17:51
request: /api/tasks/get, time:17:51
request: /api/playlists/members/11, time:17:51
request: /api/playlists/songs/11, time:17:51
request: /api/users/logged, time:17:51
request: /api/playlists/get/11, time:17:51
request: /api/playlists/members/11, time:17:51
request: /api/playlists/songs/11, time:17:51
request: /api/users/logged, time:17:51
request: /api/teams/logged, time:17:51
request: /api/songs/random, time:17:51
request: /api/playlists/next, time:17:51
request: /api/tasks/get, time:17:51
request: /api/playlists/members/11, time:17:51
request: /api/playlists/songs/11, time:17:51
request: /api/users/logged, time:17:51
request: /api/playlists/get/11, time:17:51
request: /api/playlists/members/11, time:17:51
request: /api/playlists/songs/11, time:17:51
request: /api/playlists/get/11, time:17:51
request: /api/playlists/members/11, time:17:51
request: /api/playlists/songs/11, time:17:51
request: /api/playlists/get/11, time:17:51
request: /api/playlists/members/11, time:17:51
request: /api/playlists/songs/11, time:17:51
request: /api/playlists/get/11, time:17:51
request: /api/playlists/members/11, time:17:51
request: /api/playlists/songs/11, time:17:51
request: /api/tags/get/146, time:17:51
request: /api/songs/get/146, time:17:51
request: /api/notes/get/146, time:17:51
request: /api/playlists/get/11, time:17:51
request: /api/playlists/members/11, time:17:51
request: /api/playlists/songs/11, time:17:51
request: /api/tags/get/34, time:17:51
request: /api/songs/get/34, time:17:51
request: /api/notes/get/34, time:17:51
request: /api/playlists/members/11, time:17:51
request: /api/playlists/get/11, time:17:51
request: /api/playlists/songs/11, time:17:51
request: /api/songs/get/59, time:17:51
request: /api/tags/get/59, time:17:51
request: /api/notes/get/59, time:17:51
request: /api/playlists/get/11, time:17:51
request: /api/playlists/songs/11, time:17:51
request: /api/playlists/members/11, time:17:51
request: /api/users/logged, time:17:51
request: /api/teams/logged, time:17:51
request: /api/songs/random, time:17:51
request: /api/playlists/next, time:17:51
request: /api/tasks/get, time:17:51
request: /api/playlists/members/11, time:17:51
request: /api/playlists/songs/11, time:17:51
request: /api/users/logged, time:17:51
request: /api/playlists/members/11, time:17:51
request: /api/playlists/songs/11, time:17:51
request: /api/playlists/get/11, time:17:51
request: /api/songs/get/59, time:17:51
request: /api/tags/get/59, time:17:51
request: /api/notes/get/59, time:17:51
request: /api/playlists/members/11, time:17:51
request: /api/playlists/get/11, time:17:51
request: /api/playlists/songs/11, time:17:51
request: /api/songs/get/120, time:17:51
request: /api/tags/get/120, time:17:51
request: /api/notes/get/120, time:17:51
request: /api/songs/get/120, time:17:51
request: /api/tags/get/120, time:17:51
request: /api/notes/get/120, time:17:51
request: /api/users/logged, time:17:51
request: /api/users/logged, time:17:51
request: /api/tags/get/120, time:17:51
request: /api/songs/get/120, time:17:51
request: /api/notes/get/120, time:17:51
request: /api/songs/random, time:17:51
request: /api/playlists/next, time:17:51
request: /api/teams/logged, time:17:51
request: /api/tasks/get, time:17:51
request: /api/playlists/members/11, time:17:51
request: /api/playlists/songs/11, time:17:51
