Connected to DB
request: /api/tasks/get_adv?limit=25&offset=0, time:17:8
request: /api/tasks/get_adv?limit=25&offset=0, time:17:8
request: /api/tasks/get_adv?limit=25&offset=0, time:17:8
request: /api/tasks/get_adv?limit=25&offset=0, time:17:8
request: /api/tasks/get_adv?limit=25&offset=0, time:17:8
request: /api/tasks/get_adv?limit=25&offset=0, time:17:8
request: /api/tasks/get_adv?limit=25&offset=0, time:17:8
request: /api/tasks/get_adv?limit=25&offset=0, time:17:8
request: /api/tasks/get_adv?limit=25&offset=0, time:17:8
request: /api/tasks/get_adv?limit=25&offset=0, time:17:8
request: /api/tasks/get_adv?limit=25&offset=0, time:17:8
request: /api/tasks/get_adv?limit=25&offset=0, time:17:8
request: /api/tasks/get_adv?limit=5&offset=0, time:17:8
request: /api/tasks/get_adv?limit=25&offset=0, time:17:8
request: /api/tasks/get_adv?limit=50&offset=0, time:17:8
request: /api/playlists/get?limit=50&offset=0, time:17:8
request: /api/team/members, time:17:8
request: /api/songs/get?limit=50&offset=0, time:17:8
request: /api/songs/get_adv?limit=50&offset=0, time:17:8
request: /api/songs/get_adv?limit=50&offset=0, time:17:8
request: /api/songs/get_adv?limit=50&offset=0, time:17:8
request: /api/songs/get_adv?limit=50&offset=0, time:17:8
request: /api/songs/get_adv?limit=50&offset=0, time:17:8
request: /api/songs/get_adv?limit=50&offset=0, time:17:8
request: /api/songs/get_adv?limit=50&offset=0, time:17:8
request: /api/teams/logged, time:17:8
request: /api/playlists/next, time:17:8
request: /api/tasks/get, time:17:8
request: /api/songs/random, time:17:8
request: /api/playlists/members/7, time:17:8
request: /api/playlists/songs/7, time:17:8
request: /, time:17:8
request: /api/songs/random, time:17:8
request: /api/teams/logged, time:17:8
request: /api/tasks/get, time:17:8
request: /api/users/logged, time:17:8
request: /api/playlists/next, time:17:8
request: /api/login, time:17:8
LETS DO LOGIN
username: samuel.senigl@gmail.com
password: samueltelc12
account with this email was found
correct password and username
token generated
new token was saved, login was successful
request: /api/users/logged, time:17:8
request: /api/teams/logged, time:17:8
request: /api/songs/random, time:17:8
request: /api/playlists/next, time:17:8
request: /api/tasks/get, time:17:8
request: /api/playlists/members/7, time:17:8
request: /api/playlists/songs/7, time:17:8
request: /api/team/members, time:17:8
request: /api/playlists/get?limit=25&offset=0, time:17:8
request: /api/team/members, time:17:8
request: /api/tasks/get?limit=25&offset=0, time:17:8
request: /api/tasks/get_adv?limit=25&offset=0, time:17:8
request: /api/team/members, time:17:8
request: /api/playlists/get?limit=25&offset=0, time:17:8
request: /api/team/members, time:17:8
request: /api/tasks/get?limit=25&offset=0, time:17:8
request: /api/songs/get?limit=25&offset=0, time:17:8
request: /api/songs/get_adv?limit=25&offset=0, time:17:8
request: /api/songs/get_adv?limit=25&offset=0, time:17:8
request: /api/teams/logged, time:17:8
request: /api/songs/random, time:17:8
request: /api/playlists/next, time:17:8
request: /api/tasks/get, time:17:8
request: /api/playlists/members/7, time:17:8
request: /api/playlists/songs/7, time:17:8
