Connected to DB
request: /api/restorePassword, time:17:11
request: /api/login, time:17:11
LETS DO LOGIN
username: samuel.senigl@gmail.com
password: p5E5_Uje
account with this email was found
correct password and username
token generated
new token was saved, login was successful
request: /api/songs/random, time:17:11
request: /api/playlists/next, time:17:11
request: /api/tasks/get, time:17:11
request: /api/teams/logged, time:17:11
request: /api/users/logged, time:17:11
request: /api/playlists/members/7, time:17:11
request: /api/playlists/songs/7, time:17:11
request: /api/users/logged, time:17:11
request: /api/roles/logged, time:17:11
request: /api/team/members, time:17:11
request: /api/teams/logged, time:17:11
request: /api/users/newpassword, time:17:11
request: /api/login, time:17:11
LETS DO LOGIN
username: samuel.senigl@gmail.com
password: samueltelc12
account with this email was found
correct password and username
token generated
new token was saved, login was successful
request: /api/users/logged, time:17:11
request: /api/teams/logged, time:17:11
request: /api/playlists/next, time:17:11
request: /api/tasks/get, time:17:11
request: /api/songs/random, time:17:11
request: /api/playlists/songs/7, time:17:11
request: /api/playlists/members/7, time:17:11
