Connected to DB
request: /, time:16:16
request: /favicon.ico, time:16:16
request: /api/login, time:16:16
LETS DO LOGIN
username: samuel.senigl@gmail.com
password: samueltelc12
account with this email was found
correct password and username
token generated
new token was saved, login was successful
request: /api/users/logged, time:16:16
request: /api/teams/logged, time:16:16
request: /api/songs/random, time:16:16
request: /api/playlists/next, time:16:16
request: /api/tasks/get, time:16:16
request: /api/playlists/members/7, time:16:16
request: /api/playlists/songs/7, time:16:16
request: /api/team/members, time:16:16
request: /api/playlists/get?limit=25&offset=0, time:16:16
request: /api/songs/get?limit=25&offset=0, time:16:16
