Connected to DB
request: /api/restorePassword, time:19:49
request: /api/login, time:19:49
LETS DO LOGIN
username: samuel.senigl@gmail.com
password: nX2BTx2R
account with this email was found
correct password and username
token generated
new token was saved, login was successful
request: /api/users/logged, time:19:49
request: /api/teams/logged, time:19:49
request: /api/songs/random, time:19:49
request: /api/playlists/next, time:19:49
request: /api/tasks/get, time:19:49
request: /api/playlists/members/7, time:19:49
request: /api/playlists/songs/7, time:19:49
request: /, time:19:49
request: /api/team/members, time:19:49
request: /api/playlists/get?limit=50&offset=0, time:19:49
request: /api/playlists/get/8, time:19:49
request: /api/playlists/members/8, time:19:49
request: /api/playlists/songs/8, time:19:49
request: /api/team/members, time:19:49
request: /api/playlists/get?limit=50&offset=0, time:19:49
request: /api/playlists/members/7, time:19:49
request: /api/playlists/songs/7, time:19:49
request: /api/playlists/get/7, time:19:49
request: /api/team/members, time:19:49
request: /api/playlists/get?limit=50&offset=0, time:19:49
request: /api/playlists/get/6, time:19:49
request: /api/playlists/members/6, time:19:49
request: /api/playlists/songs/6, time:19:49
request: /api/team/members, time:19:49
request: /api/playlists/get?limit=50&offset=0, time:19:49
request: /api/playlists/get/2, time:19:49
request: /api/playlists/members/2, time:19:49
request: /api/playlists/songs/2, time:19:49
request: /api/team/members, time:19:49
request: /api/playlists/get?limit=50&offset=0, time:19:49
request: /api/playlists/members/3, time:19:49
request: /api/playlists/get/3, time:19:49
request: /api/playlists/songs/3, time:19:49
request: /api/team/members, time:19:49
request: /api/playlists/get?limit=50&offset=0, time:19:49
