Connected to DB
request: /api/teams/logged, time:21:11
request: /api/songs/random, time:21:11
request: /api/playlists/next, time:21:11
request: /api/tasks/get, time:21:11
request: /api/playlists/members/7, time:21:11
request: /api/playlists/songs/7, time:21:11
request: /api/songs/get?limit=50&offset=0, time:21:11
request: /api/team/members, time:21:11
request: /api/tasks/get?limit=50&offset=0, time:21:11
request: /api/team/members, time:21:11
request: /api/playlists/get?limit=50&offset=0, time:21:11
request: /api/teams/logged, time:21:11
request: /api/songs/random, time:21:11
request: /api/playlists/next, time:21:11
request: /api/tasks/get, time:21:11
request: /api/playlists/members/7, time:21:11
request: /api/playlists/songs/7, time:21:11
request: /api/team/members, time:21:11
request: /api/playlists/get?limit=50&offset=0, time:21:11
request: /api/songs/get?limit=50&offset=0, time:21:11
request: /api/teams/logged, time:21:11
request: /api/songs/random, time:21:11
request: /api/playlists/next, time:21:11
request: /api/tasks/get, time:21:11
request: /api/playlists/members/7, time:21:11
request: /api/playlists/songs/7, time:21:11
request: /api/users/logged, time:21:11
request: /api/teams/logged, time:21:11
request: /api/songs/random, time:21:11
request: /api/playlists/next, time:21:11
request: /api/tasks/get, time:21:11
request: /api/login, time:21:11
LETS DO LOGIN
username: samuel.senigl@gmail.com
password: samueltelc12
account with this email was found
correct password and username
token generated
new token was saved, login was successful
request: /api/users/logged, time:21:11
request: /api/teams/logged, time:21:11
request: /api/songs/random, time:21:11
request: /api/playlists/next, time:21:11
request: /api/tasks/get, time:21:11
request: /api/playlists/members/7, time:21:11
request: /api/playlists/songs/7, time:21:11
request: /, time:21:11
request: /, time:21:11
request: /favicon.ico, time:21:11
request: /, time:21:11
request: /, time:21:11
request: http://api.ipify.org/?format=json, time:21:11
request: /api/users/logged, time:21:11
request: /api/teams/logged, time:21:11
request: /api/songs/random, time:21:11
request: /api/playlists/next, time:21:11
request: /api/tasks/get, time:21:11
request: /api/login, time:21:11
LETS DO LOGIN
username: samuel.senigl@gmail.com
password: samueltelc12
account with this email was found
correct password and username
token generated
new token was saved, login was successful
request: /api/users/logged, time:21:11
request: /api/teams/logged, time:21:11
request: /api/songs/random, time:21:11
request: /api/playlists/next, time:21:11
request: /api/tasks/get, time:21:11
request: /api/playlists/songs/7, time:21:11
request: /api/playlists/members/7, time:21:11
request: /api/songs/get?limit=25&offset=0, time:21:11
request: /api/songs/random, time:21:11
request: /api/playlists/next, time:21:11
request: /api/teams/logged, time:21:11
request: /api/tasks/get, time:21:11
request: /api/playlists/members/7, time:21:11
request: /api/playlists/songs/7, time:21:11
request: /api/login, time:21:11
LETS DO LOGIN
username: samuel.senigl@gmail.com
password: samueltelc12
account with this email was found
correct password and username
token generated
new token was saved, login was successful
request: /api/users/logged, time:21:11
request: /api/songs/random, time:21:11
request: /api/playlists/next, time:21:11
request: /api/tasks/get, time:21:11
request: /api/teams/logged, time:21:11
request: /api/playlists/members/7, time:21:11
request: /api/playlists/songs/7, time:21:11
request: /api/songs/get?limit=25&offset=0, time:21:11
request: /api/team/members, time:21:11
request: /api/playlists/get?limit=25&offset=0, time:21:11
request: /api/songs/get?limit=25&offset=0, time:21:11
request: /api/teams/logged, time:21:11
request: /api/songs/random, time:21:11
request: /api/playlists/next, time:21:11
request: /api/tasks/get, time:21:11
request: /api/playlists/members/7, time:21:11
request: /api/playlists/songs/7, time:21:11
request: /, time:21:11
request: /api/islogged, time:21:11
