Connected to DB
request: /, time:22:25
request: /favicon.ico, time:22:25
request: http://api.ipify.org/?format=json, time:22:25
request: /api/users/logged, time:22:25
request: /api/teams/logged, time:22:25
request: /api/songs/random, time:22:25
request: /api/playlists/next, time:22:25
request: /api/tasks/get, time:22:25
request: /api/login, time:22:25
LETS DO LOGIN
username: samuel.senigl@gmail.com
password: samueltelc12
account with this email was found
correct password and username
token generated
new token was saved, login was successful
request: /api/users/logged, time:22:25
request: /api/teams/logged, time:22:25
request: /api/songs/random, time:22:25
request: /api/playlists/next, time:22:25
request: /api/tasks/get, time:22:25
request: /api/playlists/members/7, time:22:25
request: /api/playlists/songs/7, time:22:25
request: /, time:22:25
request: /favicon.ico, time:22:25
request: /, time:22:25
request: /api/login, time:22:25
LETS DO LOGIN
username: samuel.senigl@gmail.com
password: samueltelc12
account with this email was found
correct password and username
token generated
new token was saved, login was successful
request: /api/users/logged, time:22:25
request: /api/teams/logged, time:22:25
request: /api/songs/random, time:22:25
request: /api/playlists/next, time:22:25
request: /api/tasks/get, time:22:25
request: /api/playlists/members/7, time:22:25
request: /api/playlists/songs/7, time:22:25
request: /api/songs/get?limit=25&offset=0, time:22:25
request: /api/songs/get?search=S&limit=25&offset=0, time:22:25
request: /api/songs/get?search=Su&limit=25&offset=0, time:22:25
request: /api/songs/get?search=Sur&limit=25&offset=0, time:22:25
request: /api/songs/get/165, time:22:25
request: /api/tags/get/165, time:22:25
request: /api/notes/get/165, time:22:25
request: /api/songs/random, time:22:25
request: /api/teams/logged, time:22:25
request: /api/playlists/next, time:22:25
request: /api/tasks/get, time:22:25
request: /api/playlists/songs/7, time:22:25
request: /api/playlists/members/7, time:22:25
request: /api/songs/random, time:22:25
request: /api/users/logged, time:22:25
request: /api/playlists/next, time:22:25
request: /api/teams/logged, time:22:25
request: /api/tasks/get, time:22:25
request: /api/login, time:22:25
LETS DO LOGIN
username: samuel.senigl@gmail.com
password: samueltelc12
account with this email was found
correct password and username
token generated
new token was saved, login was successful
request: /api/users/logged, time:22:25
request: /api/songs/random, time:22:25
request: /api/playlists/next, time:22:25
request: /api/tasks/get, time:22:25
request: /api/teams/logged, time:22:25
request: /api/playlists/songs/7, time:22:25
request: /api/playlists/members/7, time:22:25
request: /api/team/members, time:22:25
request: /api/playlists/get?limit=50&offset=0, time:22:25
request: /api/team/members, time:22:25
request: /api/songs/get?search=Y, time:22:25
request: /api/songs/get?search=Ye, time:22:25
request: /api/songs/get?search=Yes, time:22:25
request: /api/playlists/ins, time:22:25
request: /api/team/members, time:22:25
request: /api/playlists/get?limit=50&offset=0, time:22:25
request: /api/playlists/songs/7, time:22:25
request: /api/playlists/members/7, time:22:25
request: /api/playlists/get/7, time:22:25
request: /api/playlists/del/7, time:22:25
request: /api/team/members, time:22:25
request: /api/playlists/get?limit=50&offset=0, time:22:25
request: /api/playlists/members/9, time:22:25
request: /api/playlists/get/9, time:22:25
request: /api/playlists/songs/9, time:22:25
request: /api/teams/logged, time:22:25
request: /api/songs/random, time:22:25
request: /api/playlists/next, time:22:25
request: /api/tasks/get, time:22:25
request: /api/playlists/members/9, time:22:25
request: /api/playlists/songs/9, time:22:25
request: /api/users/logged, time:22:25
request: /api/users/logged, time:22:25
request: /api/users/logged, time:22:25
request: /api/users/logged, time:22:25
request: /api/users/logged, time:22:25
request: /api/users/logged, time:22:25
request: /api/users/logged, time:22:25
request: /api/users/logged, time:22:25
request: /api/users/logged, time:22:25
request: /api/users/logged, time:22:25
request: /api/songs/get?limit=50&offset=0, time:22:25
request: /api/teams/logged, time:22:25
request: /api/songs/random, time:22:25
request: /api/playlists/next, time:22:25
request: /api/tasks/get, time:22:25
request: /api/playlists/members/9, time:22:25
request: /api/playlists/songs/9, time:22:25
request: /api/users/logged, time:22:25
request: /api/users/logged, time:22:25
request: /api/users/logged, time:22:25
request: /api/users/logged, time:22:25
request: /api/teams/logged, time:22:25
request: /api/users/logged, time:22:25
request: /api/songs/random, time:22:25
request: /api/playlists/next, time:22:25
request: /api/tasks/get, time:22:25
request: /api/playlists/members/9, time:22:25
request: /api/playlists/songs/9, time:22:25
request: /api/songs/get?limit=50&offset=0, time:22:25
request: /api/team/members, time:22:25
request: /api/playlists/get?limit=50&offset=0, time:22:25
request: /api/team/members, time:22:25
request: /api/tasks/get?limit=50&offset=0, time:22:25
request: /api/teams/logged, time:22:25
request: /api/playlists/next, time:22:25
request: /api/tasks/get, time:22:25
request: /api/songs/random, time:22:25
request: /api/playlists/members/9, time:22:25
request: /api/playlists/songs/9, time:22:25
request: /api/songs/get?limit=50&offset=0, time:22:25
request: /api/teams/logged, time:22:25
request: /api/songs/random, time:22:25
request: /api/playlists/next, time:22:25
request: /api/tasks/get, time:22:25
request: /api/playlists/members/9, time:22:25
request: /api/playlists/songs/9, time:22:25
request: /api/songs/get?limit=50&offset=0, time:22:25
request: /api/teams/logged, time:22:25
request: /api/songs/random, time:22:25
request: /api/playlists/next, time:22:25
request: /api/tasks/get, time:22:25
request: /api/playlists/members/9, time:22:25
request: /api/playlists/songs/9, time:22:25
request: /api/songs/get?limit=50&offset=0, time:22:25
request: /api/users/logged, time:22:25
request: /api/songs/get?limit=50&offset=0, time:22:25
request: /ab2g, time:22:25
request: /ab2h, time:22:25
request: /, time:22:25
request: /api/login, time:22:25
LETS DO LOGIN
username: samuel.senigl@gmail.com
password: samueltelc12
account with this email was found
correct password and username
token generated
new token was saved, login was successful
request: /api/users/logged, time:22:25
request: /api/teams/logged, time:22:25
request: /api/playlists/next, time:22:25
request: /api/songs/random, time:22:25
request: /api/tasks/get, time:22:25
request: /api/playlists/members/9, time:22:25
request: /api/playlists/songs/9, time:22:25
request: /api/users/logged, time:22:25
request: /api/teams/logged, time:22:25
request: /api/songs/random, time:22:25
request: /api/playlists/next, time:22:25
request: /api/tasks/get, time:22:25
request: /api/playlists/members/9, time:22:25
request: /api/playlists/songs/9, time:22:25
request: /api/login, time:22:25
LETS DO LOGIN
username: samuel.senigl@gmail.com
password: samueltelc12
account with this email was found
correct password and username
token generated
new token was saved, login was successful
request: /api/songs/random, time:22:25
request: /api/playlists/next, time:22:25
request: /api/tasks/get, time:22:25
request: /api/users/logged, time:22:25
request: /api/teams/logged, time:22:25
request: /api/playlists/songs/9, time:22:25
request: /api/playlists/members/9, time:22:25
request: /api/login, time:22:25
LETS DO LOGIN
username: samuel.senigl@gmail.com
password: samueltelc12
account with this email was found
correct password and username
token generated
new token was saved, login was successful
request: /api/users/logged, time:22:25
request: /api/songs/random, time:22:25
request: /api/playlists/next, time:22:25
request: /api/teams/logged, time:22:25
request: /api/tasks/get, time:22:25
request: /api/playlists/members/9, time:22:25
request: /api/playlists/songs/9, time:22:25
request: /api/login, time:22:25
LETS DO LOGIN
username: samuel.senigl@gmail.com
password: samueltelc12
account with this email was found
correct password and username
token generated
new token was saved, login was successful
request: /api/users/logged, time:22:25
request: /api/songs/random, time:22:25
request: /api/playlists/next, time:22:25
request: /api/tasks/get, time:22:25
request: /api/teams/logged, time:22:25
request: /api/playlists/members/9, time:22:25
request: /api/playlists/songs/9, time:22:25
request: /api/songs/get?limit=50&offset=0, time:22:25
request: /api/team/members, time:22:25
request: /api/playlists/get?limit=50&offset=0, time:22:25
request: /api/songs/get?limit=50&offset=0, time:22:25
request: /api/team/members, time:22:25
request: /api/playlists/get?limit=50&offset=0, time:22:25
request: /api/songs/get?limit=50&offset=0, time:22:25
request: /api/songs/get/123, time:22:25
request: /api/tags/get/123, time:22:25
request: /api/notes/get/123, time:22:25
request: /api/teams/logged, time:22:25
request: /api/songs/random, time:22:25
request: /api/playlists/next, time:22:25
request: /api/tasks/get, time:22:25
request: /api/playlists/songs/9, time:22:25
request: /api/playlists/members/9, time:22:25
request: /api/users/logged, time:22:25
request: /api/teams/logged, time:22:25
request: /api/songs/random, time:22:25
request: /api/playlists/next, time:22:25
request: /api/tasks/get, time:22:25
request: /api/playlists/songs/9, time:22:25
request: /api/playlists/members/9, time:22:25
