LETS DO LOGIN
username: samuel.senigl@gmail.com
password: samueltelc12
account with this email was found
correct password and username
token generated
new token was saved, login was successful
LETS DO LOGIN
username: samuel.senigl@gmail.com
password: samueltelc12
account with this email was found
correct password and username
token generated
new token was saved, login was successful
LETS DO LOGIN
username: samuel.senigl@gmail.com
password: samueltelc12
error when searching for password using email
LETS DO LOGIN
username: samuel.senigl@gmail.com
password: samueltelc12
error when searching for password using email
