Connected to DB
request: /api/restorePassword, time:16:58
request: /api/login, time:16:58
LETS DO LOGIN
username: samuel.senigl@gmail.com
password: samueltelc12
account with this email was found
wrong password or username
request: /api/login, time:16:58
LETS DO LOGIN
username: samuel.senigl@gmail.com
password: 43f093607c
account with this email was found
wrong password or username
request: /api/login, time:16:58
LETS DO LOGIN
username: samuel.senigl@gmail.com
password: 43f093607c
account with this email was found
wrong password or username
