Connected to DB
request: /api/songs/ins, time:0:24
request: /api/songs/ins, time:0:24
request: /api/songs/ins, time:0:24
request: /api/songs/get?limit=25&offset=0, time:0:24
request: /api/songs/get?search=n&limit=25&offset=0, time:0:24
request: /api/songs/get?search=no&limit=25&offset=0, time:0:24
request: /api/songs/get?search=not&limit=25&offset=0, time:0:24
request: /api/songs/get/168, time:0:24
request: /api/tags/get/168, time:0:24
request: /api/notes/get/168, time:0:24
request: /api/songs/get/168, time:0:24
request: /api/tags/get/168, time:0:24
request: /api/songs/random, time:0:24
request: /api/tasks/get, time:0:24
request: /api/teams/logged, time:0:24
request: /api/playlists/next, time:0:24
request: /api/playlists/members/8, time:0:24
request: /api/playlists/songs/8, time:0:24
request: /api/songs/get?limit=25&offset=0, time:0:24
request: /api/songs/get?search=n&limit=25&offset=0, time:0:24
request: /api/songs/get?search=no&limit=25&offset=0, time:0:24
request: /api/songs/get?search=not&limit=25&offset=0, time:0:24
request: /api/tags/get/168, time:0:24
request: /api/songs/get/168, time:0:24
request: /api/notes/get/168, time:0:24
request: /api/songs/get/168, time:0:24
request: /api/tags/get/168, time:0:24
request: /api/songs/upd/168, time:0:24
request: /api/songs/get/168, time:0:24
request: /api/tags/get/168, time:0:24
request: /api/notes/get/168, time:0:24
request: /ab2g, time:0:24
request: /ab2h, time:0:24
request: /, time:0:24
request: http://azenv.net/, time:0:24
request: /, time:0:24
request: /favicon.ico, time:0:24
request: http://api.ipify.org/?format=json, time:0:24
request: /api/songs/random, time:0:24
request: /api/users/logged, time:0:24
request: /api/teams/logged, time:0:24
request: /api/playlists/next, time:0:24
request: /api/tasks/get, time:0:24
request: /api/login, time:0:24
LETS DO LOGIN
username: samuel.senigl@gmail.com
password: samueltelc12
account with this email was found
correct password and username
token generated
new token was saved, login was successful
request: /api/teams/logged, time:0:24
request: /api/users/logged, time:0:24
request: /api/playlists/next, time:0:24
request: /api/songs/random, time:0:24
request: /api/tasks/get, time:0:24
request: /api/playlists/members/8, time:0:24
request: /api/playlists/songs/8, time:0:24
request: /api/team/members, time:0:24
request: /api/playlists/get?limit=25&offset=0, time:0:24
request: /api/playlists/get/9, time:0:24
request: /api/playlists/members/9, time:0:24
request: /api/playlists/songs/9, time:0:24
request: /api/songs/get?limit=25&offset=0, time:0:24
request: /api/songs/get?limit=50&offset=0, time:0:24
request: /api/songs/get?limit=100&offset=0, time:0:24
request: /api/songs/get?limit=250&offset=0, time:0:24
request: /api/songs/get?limit=500&offset=0, time:0:24
request: /api/tags/get/56, time:0:24
request: /api/songs/get/56, time:0:24
request: /api/notes/get/56, time:0:24
request: /api/songs/random, time:0:24
request: /api/teams/logged, time:0:24
request: /api/users/logged, time:0:24
request: /api/tasks/get, time:0:24
request: /api/playlists/next, time:0:24
request: /api/playlists/members/8, time:0:24
request: /api/playlists/songs/8, time:0:24
request: /api/team/members, time:0:24
request: /api/playlists/get?limit=500&offset=0, time:0:24
request: /api/playlists/get/9, time:0:24
request: /api/playlists/members/9, time:0:24
request: /api/playlists/songs/9, time:0:24
request: /api/playlists/members/9, time:0:24
request: /api/playlists/get/9, time:0:24
request: /api/playlists/songs/9, time:0:24
request: /api/team/members, time:0:24
request: /api/songs/get?search=c, time:0:24
request: /api/songs/get?search=ch, time:0:24
request: /api/songs/get?search=chv, time:0:24
request: /api/songs/get?search=chv%C3%A1, time:0:24
request: /api/songs/get?search=chv%C3%A1l, time:0:24
request: /api/songs/get?search=chv%C3%A1la, time:0:24
request: /api/playlists/upd/9, time:0:24
request: /api/playlists/get/9, time:0:24
request: /api/playlists/members/9, time:0:24
request: /api/playlists/songs/9, time:0:24
request: /api/songs/get?limit=500&offset=0, time:0:24
request: /api/songs/get?search=j&limit=500&offset=0, time:0:24
request: /api/songs/get?search=js&limit=500&offset=0, time:0:24
request: /api/songs/get?search=jse&limit=500&offset=0, time:0:24
request: /api/songs/get?search=jsem&limit=500&offset=0, time:0:24
request: /api/songs/get?search=jsem%20&limit=500&offset=0, time:0:24
request: /api/songs/get?search=jsem%20n&limit=500&offset=0, time:0:24
request: /api/songs/get/148, time:0:24
request: /api/tags/get/148, time:0:24
request: /api/notes/get/148, time:0:24
request: /api/users/logged, time:0:24
request: /api/playlists/get/9, time:0:24
request: /api/playlists/members/9, time:0:24
request: /api/playlists/songs/9, time:0:24
request: /api/team/members, time:0:24
request: /api/playlists/get?limit=500&offset=0, time:0:24
request: /api/playlists/get/9, time:0:24
request: /api/playlists/members/9, time:0:24
request: /api/playlists/songs/9, time:0:24
request: /api/team/members, time:0:24
request: /api/playlists/get/9, time:0:24
request: /api/playlists/members/9, time:0:24
request: /api/playlists/songs/9, time:0:24
request: /api/songs/get?search=h, time:0:24
request: /api/songs/get?search=ho, time:0:24
request: /api/songs/get?search=hos, time:0:24
request: /api/songs/get?search=hosa, time:0:24
request: /api/songs/get?search=j, time:0:24
request: /api/songs/get?search=js, time:0:24
request: /api/songs/get?search=jse, time:0:24
request: /api/songs/get?search=jsem, time:0:24
request: /api/songs/get?search=j, time:0:24
request: /api/songs/get?search=js, time:0:24
request: /api/songs/get?search=jsi, time:0:24
request: /api/playlists/upd/9, time:0:24
request: /api/playlists/get/9, time:0:24
request: /api/playlists/members/9, time:0:24
request: /api/playlists/songs/9, time:0:24
request: /api/songs/get?limit=500&offset=0, time:0:24
request: /api/team/members, time:0:24
request: /api/playlists/get?limit=500&offset=0, time:0:24
request: /api/songs/get/161, time:0:24
request: /api/tags/get/161, time:0:24
request: /api/notes/get/161, time:0:24
request: /api/songs/get?limit=500&offset=0, time:0:24
request: /api/team/members, time:0:24
request: /api/playlists/get?limit=500&offset=0, time:0:24
request: /api/playlists/get/9, time:0:24
request: /api/playlists/members/9, time:0:24
request: /api/playlists/songs/9, time:0:24
request: /api/team/members, time:0:24
request: /api/playlists/get/9, time:0:24
request: /api/playlists/members/9, time:0:24
request: /api/playlists/songs/9, time:0:24
request: /api/songs/get?search=t, time:0:24
request: /api/songs/get?search=to, time:0:24
request: /api/songs/get?search=tou, time:0:24
request: /api/songs/get?search=tou%C5%BE, time:0:24
request: /api/playlists/upd/9, time:0:24
request: /api/playlists/get/9, time:0:24
request: /api/playlists/songs/9, time:0:24
request: /api/playlists/members/9, time:0:24
request: /api/team/members, time:0:24
request: /api/playlists/get?limit=500&offset=0, time:0:24
request: /api/playlists/get/9, time:0:24
request: /api/playlists/members/9, time:0:24
request: /api/playlists/songs/9, time:0:24
request: /api/team/members, time:0:24
request: /api/playlists/get/9, time:0:24
request: /api/playlists/members/9, time:0:24
request: /api/playlists/songs/9, time:0:24
request: /api/songs/get?search=j, time:0:24
request: /api/songs/get?search=js, time:0:24
request: /api/songs/get?search=jse, time:0:24
request: /api/songs/get?search=jsem, time:0:24
request: /api/songs/get?search=, time:0:24
request: /api/songs/get?search=t, time:0:24
request: /api/songs/get?search=to, time:0:24
request: /api/songs/get?search=tou, time:0:24
request: /api/songs/get?search=tou%C5%BE, time:0:24
request: /api/songs/get?search=tou%C5%BE%C3%AD, time:0:24
request: /api/songs/get?search=j, time:0:24
request: /api/songs/get?search=js, time:0:24
request: /api/songs/get?search=jsi, time:0:24
request: /api/playlists/upd/9, time:0:24
request: /api/playlists/get/9, time:0:24
request: /api/playlists/members/9, time:0:24
request: /api/playlists/songs/9, time:0:24
request: /api/songs/get?limit=500&offset=0, time:0:24
request: /api/team/members, time:0:24
request: /api/playlists/get?limit=500&offset=0, time:0:24
request: /api/playlists/songs/9, time:0:24
request: /api/playlists/get/9, time:0:24
request: /api/playlists/members/9, time:0:24
request: /api/team/members, time:0:24
request: /api/playlists/get/9, time:0:24
request: /api/playlists/members/9, time:0:24
request: /api/playlists/songs/9, time:0:24
request: /api/songs/random, time:0:24
request: /api/teams/logged, time:0:24
request: /api/playlists/next, time:0:24
request: /api/tasks/get, time:0:24
request: /api/playlists/members/8, time:0:24
request: /api/playlists/songs/8, time:0:24
request: /api/users/logged, time:0:24
request: /api/teams/logged, time:0:24
request: /api/songs/random, time:0:24
request: /api/tasks/get, time:0:24
request: /api/playlists/next, time:0:24
request: /api/playlists/members/8, time:0:24
request: /api/playlists/songs/8, time:0:24
request: /api/songs/get?limit=500&offset=0, time:0:24
request: /api/songs/get/149, time:0:24
request: /api/tags/get/149, time:0:24
request: /api/notes/get/149, time:0:24
request: /api/songs/get?limit=500&offset=0, time:0:24
request: /api/songs/get/34, time:0:24
request: /api/tags/get/34, time:0:24
request: /api/notes/get/34, time:0:24
request: /api/users/logged, time:0:24
request: /api/teams/logged, time:0:24
request: /api/songs/random, time:0:24
request: /api/tasks/get, time:0:24
request: /api/playlists/next, time:0:24
request: /api/login, time:0:24
LETS DO LOGIN
username: samuel.senigl@gmail.com
password: samueltelc12
account with this email was found
request: /api/login, time:0:24
LETS DO LOGIN
username: samuel.senigl@gmail.com
password: samueltelc12
account with this email was found
correct password and username
token generated
new token was saved, login was successful
request: /api/users/logged, time:0:24
correct password and username
token generated
request: /api/songs/random, time:0:24
request: /api/tasks/get, time:0:24
error when inserting token
request: /api/teams/logged, time:0:24
request: /api/playlists/next, time:0:24
request: /api/playlists/members/8, time:0:24
request: /api/playlists/songs/8, time:0:24
request: /api/songs/get?limit=25&offset=0, time:0:24
request: /api/songs/get?search=B&limit=25&offset=0, time:0:24
request: /api/songs/get?search=Bl&limit=25&offset=0, time:0:24
request: /api/songs/get?search=Bli&limit=25&offset=0, time:0:24
request: /api/songs/get/34, time:0:24
request: /api/tags/get/34, time:0:24
request: /api/notes/get/34, time:0:24
request: /api/songs/get?limit=25&offset=0, time:0:24
request: /api/songs/get?search=C&limit=25&offset=0, time:0:24
request: /api/songs/get?search=Ch&limit=25&offset=0, time:0:24
request: /api/songs/get/56, time:0:24
request: /api/notes/get/56, time:0:24
request: /api/tags/get/56, time:0:24
request: /api/songs/get?limit=25&offset=0, time:0:24
request: /api/songs/get?search=J&limit=25&offset=0, time:0:24
request: /api/songs/get?search=Js&limit=25&offset=0, time:0:24
request: /api/songs/get?search=Jse&limit=25&offset=0, time:0:24
request: /api/songs/get?search=Jsem&limit=25&offset=0, time:0:24
request: /api/songs/get/148, time:0:24
request: /api/tags/get/148, time:0:24
request: /api/notes/get/148, time:0:24
request: /api/songs/get?search=Jsem&limit=25&offset=0, time:0:24
request: /api/songs/get?search=Jse&limit=25&offset=0, time:0:24
request: /api/songs/get?search=Js&limit=25&offset=0, time:0:24
request: /api/songs/get?search=Jsi&limit=25&offset=0, time:0:24
request: /api/songs/get?search=Jsi%20&limit=25&offset=0, time:0:24
request: /api/songs/get?search=Jsi%20s&limit=25&offset=0, time:0:24
request: /api/songs/get/82, time:0:24
request: /api/notes/get/82, time:0:24
request: /api/tags/get/82, time:0:24
request: /api/songs/get?search=Jsi%20s&limit=25&offset=0, time:0:24
request: /api/songs/get?search=Jsi&limit=25&offset=0, time:0:24
request: /api/songs/get?search=Jsi%20&limit=25&offset=0, time:0:24
request: /api/songs/get?search=Js&limit=25&offset=0, time:0:24
request: /api/songs/get?search=J&limit=25&offset=0, time:0:24
request: /api/songs/get?limit=25&offset=0, time:0:24
request: /api/songs/get?search=T&limit=25&offset=0, time:0:24
request: /api/songs/get?search=To&limit=25&offset=0, time:0:24
request: /api/songs/get?search=Tou&limit=25&offset=0, time:0:24
request: /api/songs/get?search=Tou%C5%BE&limit=25&offset=0, time:0:24
request: /api/songs/get/5, time:0:24
request: /api/notes/get/5, time:0:24
request: /api/tags/get/5, time:0:24
request: /, time:0:24
request: /cgi-bin/downloadFlile.cgi, time:0:24
request: /, time:0:24
request: /, time:0:24
request: /favicon.ico, time:0:24
request: /, time:0:24
request: /favicon.ico, time:0:24
request: http://api.ipify.org/?format=json, time:0:24
request: /ab2g, time:0:24
request: /ab2h, time:0:24
request: /, time:0:24
request: /, time:0:24
request: /, time:0:24
request: /favicon.ico, time:0:24
request: /, time:0:24
request: /, time:0:24
request: /favicon.ico, time:0:24
request: /, time:0:24
request: /favicon.ico, time:0:24
request: http://api.ipify.org/?format=json, time:0:24
request: /, time:0:24
request: /, time:0:24
request: /favicon.ico, time:0:24
request: /, time:0:24
request: /, time:0:24
request: /, time:0:24
request: /aaa9, time:0:24
request: /aab8, time:0:24
request: /, time:0:24
request: /api/users/logged, time:0:24
request: /api/teams/logged, time:0:24
request: /api/songs/random, time:0:24
request: /api/playlists/next, time:0:24
request: /api/tasks/get, time:0:24
request: /api/login, time:0:24
LETS DO LOGIN
username: samuel.senigl@gmail.com
password: samueltelc12
account with this email was found
correct password and username
token generated
new token was saved, login was successful
request: /api/playlists/next, time:0:24
request: /api/teams/logged, time:0:24
request: /api/users/logged, time:0:24
request: /api/songs/random, time:0:24
request: /api/tasks/get, time:0:24
request: /api/playlists/members/8, time:0:24
request: /api/playlists/songs/8, time:0:24
request: /api/songs/get?limit=500&offset=0, time:0:24
request: /api/teams/logged, time:0:24
request: /api/tasks/get, time:0:24
request: /api/songs/random, time:0:24
request: /api/playlists/next, time:0:24
request: /api/playlists/members/8, time:0:24
request: /api/playlists/songs/8, time:0:24
request: /api/users/logged, time:0:24
request: /api/teams/logged, time:0:24
request: /api/roles/logged, time:0:24
request: /api/team/members, time:0:24
request: /api/teams/logged, time:0:24
request: /api/songs/random, time:0:24
request: /api/playlists/next, time:0:24
request: /api/tasks/get, time:0:24
request: /api/playlists/members/8, time:0:24
request: /api/playlists/songs/8, time:0:24
request: /ab2g, time:0:24
request: /ab2h, time:0:24
request: /, time:0:24
request: /, time:0:24
request: /, time:0:24
request: /, time:0:24
request: /favicon.ico, time:0:24
request: http://api.ipify.org/?format=json, time:0:24
request: /, time:0:24
request: /, time:0:24
request: /favicon.ico, time:0:24
request: /, time:0:24
request: /, time:0:24
request: /favicon.ico, time:0:24
request: /robots.txt, time:0:24
request: /sitemap.xml, time:0:24
request: /api/users/logged, time:0:24
request: /api/songs/random, time:0:24
request: /api/teams/logged, time:0:24
request: /api/playlists/next, time:0:24
request: /api/tasks/get, time:0:24
request: /api/login, time:0:24
LETS DO LOGIN
username: samuel.senigl@gmail.com
password: samueltelc12
account with this email was found
correct password and username
token generated
new token was saved, login was successful
request: /api/teams/logged, time:0:24
request: /api/songs/random, time:0:24
request: /api/users/logged, time:0:24
request: /api/playlists/next, time:0:24
request: /api/tasks/get, time:0:24
request: /api/playlists/members/8, time:0:24
request: /api/playlists/songs/8, time:0:24
request: /api/users/logged, time:0:24
request: /api/teams/logged, time:0:24
request: /api/songs/random, time:0:24
request: /api/playlists/next, time:0:24
request: /api/tasks/get, time:0:24
request: /api/playlists/members/8, time:0:24
request: /api/playlists/songs/8, time:0:24
request: /api/users/logged, time:0:24
request: /api/teams/logged, time:0:24
request: /api/songs/random, time:0:24
request: /api/tasks/get, time:0:24
request: /api/playlists/next, time:0:24
request: /api/playlists/members/8, time:0:24
request: /api/playlists/songs/8, time:0:24
request: /api/users/logged, time:0:24
request: /api/teams/logged, time:0:24
request: /api/songs/random, time:0:24
request: /api/playlists/next, time:0:24
request: /api/tasks/get, time:0:24
request: /api/playlists/members/8, time:0:24
request: /api/playlists/songs/8, time:0:24
request: /api/songs/get?limit=500&offset=0, time:0:24
request: /api/teams/logged, time:0:24
request: /api/songs/random, time:0:24
request: /api/playlists/next, time:0:24
request: /api/tasks/get, time:0:24
request: /api/playlists/members/8, time:0:24
request: /api/playlists/songs/8, time:0:24
request: /api/songs/get?limit=500&offset=0, time:0:24
request: /api/songs/get/123, time:0:24
request: /api/tags/get/123, time:0:24
request: /api/notes/get/123, time:0:24
request: /api/teams/logged, time:0:24
request: /api/songs/random, time:0:24
request: /api/tasks/get, time:0:24
request: /api/playlists/next, time:0:24
request: /api/playlists/members/8, time:0:24
request: /api/playlists/songs/8, time:0:24
request: /api/songs/get?limit=500&offset=0, time:0:24
request: /api/playlists/get?limit=500&offset=0, time:0:24
request: /api/team/members, time:0:24
request: /api/team/members, time:0:24
request: /api/tasks/get?limit=500&offset=0, time:0:24
request: /api/teams/logged, time:0:24
request: /api/songs/random, time:0:24
request: /api/playlists/next, time:0:24
request: /api/tasks/get, time:0:24
request: /api/playlists/members/8, time:0:24
request: /api/playlists/songs/8, time:0:24
request: /api/login, time:0:24
LETS DO LOGIN
username: samuel.senigl@gmail.com
password: samueltelc12
account with this email was found
correct password and username
token generated
new token was saved, login was successful
request: /api/songs/random, time:0:24
request: /api/playlists/next, time:0:24
request: /api/tasks/get, time:0:24
request: /api/users/logged, time:0:24
request: /api/teams/logged, time:0:24
request: /api/playlists/members/8, time:0:24
request: /api/playlists/songs/8, time:0:24
request: /api/users/logged, time:0:24
request: /api/songs/get?limit=500&offset=0, time:0:24
request: /api/songs/get/123, time:0:24
request: /api/notes/get/123, time:0:24
request: /api/tags/get/123, time:0:24
request: /api/songs/get/123, time:0:24
request: /api/tags/get/123, time:0:24
request: /api/songs/get?limit=500&offset=0, time:0:24
request: /api/teams/logged, time:0:24
request: /api/songs/random, time:0:24
request: /api/playlists/next, time:0:24
request: /api/tasks/get, time:0:24
request: /api/playlists/members/8, time:0:24
request: /api/playlists/songs/8, time:0:24
request: /api/songs/get?limit=500&offset=0, time:0:24
request: /api/team/members, time:0:24
request: /, time:0:24
request: /, time:0:24
request: /ab2g, time:0:24
request: /ab2h, time:0:24
request: /, time:0:24
request: /, time:0:24
request: /favicon.ico, time:0:24
request: /, time:0:24
request: /favicon.ico, time:0:24
request: http://api.ipify.org/?format=json, time:0:24
request: /, time:0:24
request: /, time:0:24
request: /, time:0:24
request: /, time:0:24
request: /favicon.ico, time:0:24
request: /api/songs/random, time:0:24
request: /api/playlists/next, time:0:24
request: /api/teams/logged, time:0:24
request: /api/tasks/get, time:0:24
request: /api/users/logged, time:0:24
request: /api/login, time:0:24
LETS DO LOGIN
username: samuel.senigl@gmail.com
password: samueltelc12
account with this email was found
correct password and username
token generated
new token was saved, login was successful
request: /api/users/logged, time:0:24
request: /api/teams/logged, time:0:24
request: /api/songs/random, time:0:24
request: /api/playlists/next, time:0:24
request: /api/tasks/get, time:0:24
request: /api/playlists/members/8, time:0:24
request: /api/playlists/songs/8, time:0:24
request: /api/team/members, time:0:24
request: /api/team/members?notMe=1, time:0:24
request: /api/team/members, time:0:24
request: /api/tasks/get?limit=500&offset=0, time:0:24
request: /api/tasks/get/14, time:0:24
request: /api/tasks/shared/14, time:0:24
request: /api/team/members?notMe=1, time:0:24
request: /api/tasks/get/14, time:0:24
request: /api/playlists/get?limit=500&offset=0, time:0:24
request: /api/team/members, time:0:24
request: /api/team/members, time:0:24
request: /api/tasks/get?limit=500&offset=0, time:0:24
request: /api/tasks/get/14, time:0:24
request: /api/tasks/shared/14, time:0:24
request: /api/tasks/get/14, time:0:24
request: /api/team/members?notMe=1, time:0:24
request: /api/team/members, time:0:24
request: /api/tasks/get?limit=500&offset=0, time:0:24
request: /api/tasks/get/14, time:0:24
request: /api/tasks/shared/14, time:0:24
request: /api/team/members?notMe=1, time:0:24
request: /api/songs/get?limit=500&offset=0, time:0:24
request: /api/teams/logged, time:0:24
request: /api/songs/random, time:0:24
request: /api/playlists/next, time:0:24
request: /api/tasks/get, time:0:24
request: /api/playlists/members/8, time:0:24
request: /api/playlists/songs/8, time:0:24
request: /api/songs/get?limit=500&offset=0, time:0:24
request: /api/team/members, time:0:24
request: /api/playlists/get?limit=500&offset=0, time:0:24
request: /api/team/members, time:0:24
request: /api/tasks/get?limit=500&offset=0, time:0:24
request: /api/team/members, time:0:24
request: /api/playlists/get?limit=500&offset=0, time:0:24
request: /api/playlists/get/8, time:0:24
request: /api/playlists/members/8, time:0:24
request: /api/playlists/songs/8, time:0:24
request: /api/playlists/get/8, time:0:24
request: /api/playlists/members/8, time:0:24
request: /api/playlists/songs/8, time:0:24
request: /api/team/members, time:0:24
request: /api/playlists/upd/8, time:0:24
request: /api/playlists/get/8, time:0:24
request: /api/playlists/songs/8, time:0:24
request: /api/playlists/members/8, time:0:24
request: /api/team/members, time:0:24
request: /api/playlists/get?limit=500&offset=0, time:0:24
request: /api/playlists/get/8, time:0:24
request: /api/playlists/members/8, time:0:24
request: /api/playlists/songs/8, time:0:24
request: /api/team/members, time:0:24
request: /api/playlists/get/8, time:0:24
request: /api/playlists/members/8, time:0:24
request: /api/playlists/songs/8, time:0:24
request: /api/songs/get?search=1, time:0:24
request: /api/songs/get?search=10, time:0:24
request: /api/playlists/upd/8, time:0:24
request: /api/playlists/get/8, time:0:24
request: /api/playlists/members/8, time:0:24
request: /api/playlists/songs/8, time:0:24
request: /api/team/members, time:0:24
request: /api/playlists/get?limit=500&offset=0, time:0:24
request: /api/playlists/members/9, time:0:24
request: /api/playlists/get/9, time:0:24
request: /api/playlists/songs/9, time:0:24
request: /api/playlists/members/9, time:0:24
request: /api/playlists/songs/9, time:0:24
request: /api/playlists/get/9, time:0:24
request: /api/team/members, time:0:24
request: /api/playlists/upd/9, time:0:24
request: /api/playlists/members/9, time:0:24
request: /api/playlists/get/9, time:0:24
request: /api/playlists/songs/9, time:0:24
request: /api/team/members, time:0:24
request: /api/playlists/get?limit=500&offset=0, time:0:24
request: /api/songs/get?limit=500&offset=0, time:0:24
request: /api/songs/get/123, time:0:24
request: /api/tags/get/123, time:0:24
request: /api/notes/get/123, time:0:24
request: /api/team/members, time:0:24
request: /api/playlists/get?limit=500&offset=0, time:0:24
request: /api/playlists/get/8, time:0:24
request: /api/playlists/songs/8, time:0:24
request: /api/playlists/members/8, time:0:24
request: /api/team/members, time:0:24
request: /api/playlists/get?limit=500&offset=0, time:0:24
request: /api/playlists/members/8, time:0:24
request: /api/playlists/get/8, time:0:24
request: /api/playlists/songs/8, time:0:24
request: /api/team/members, time:0:24
request: /api/playlists/get/8, time:0:24
request: /api/playlists/members/8, time:0:24
request: /api/playlists/songs/8, time:0:24
request: /api/playlists/upd/8, time:0:24
request: /api/playlists/get/8, time:0:24
request: /api/playlists/members/8, time:0:24
request: /api/playlists/songs/8, time:0:24
request: /api/playlists/songs/8, time:0:24
request: /api/playlists/get/8, time:0:24
request: /api/playlists/members/8, time:0:24
request: /api/playlists/songs/8, time:0:24
request: /api/playlists/get/8, time:0:24
request: /api/playlists/members/8, time:0:24
request: /api/playlists/songs/8, time:0:24
request: /api/users/logged, time:0:24
request: /api/playlists/songs/8, time:0:24
request: /api/playlists/get/8, time:0:24
request: /api/playlists/songs/8, time:0:24
request: /api/playlists/members/8, time:0:24
request: /api/team/members, time:0:24
request: /api/tasks/get?limit=500&offset=0, time:0:24
request: /api/tasks/get/14, time:0:24
request: /api/tasks/shared/14, time:0:24
request: /api/songs/get?limit=500&offset=0, time:0:24
request: /api/songs/get?search=k&limit=500&offset=0, time:0:24
request: /api/songs/get?search=kd&limit=500&offset=0, time:0:24
request: /api/songs/get_adv?limit=500&offset=0, time:0:24
request: /api/songs/get_adv?limit=500&offset=0, time:0:24
request: /api/songs/get_adv?limit=500&offset=0, time:0:24
request: /api/teams/logged, time:0:24
request: /api/playlists/next, time:0:24
request: /api/tasks/get, time:0:24
request: /api/songs/random, time:0:24
request: /api/playlists/songs/8, time:0:24
request: /api/playlists/members/8, time:0:24
request: /api/team/members, time:0:24
request: /api/playlists/get?limit=500&offset=0, time:0:24
request: /api/playlists/members/8, time:0:24
request: /api/playlists/get/8, time:0:24
request: /api/playlists/songs/8, time:0:24
request: /api/team/members, time:0:24
request: /api/playlists/get/8, time:0:24
request: /api/playlists/members/8, time:0:24
request: /api/playlists/songs/8, time:0:24
request: /api/playlists/get?limit=500&offset=0, time:0:24
request: /api/team/members, time:0:24
request: /api/playlists/get/8, time:0:24
request: /api/playlists/members/8, time:0:24
request: /api/playlists/songs/8, time:0:24
request: /api/team/members, time:0:24
request: /api/playlists/get/8, time:0:24
request: /api/playlists/members/8, time:0:24
request: /api/playlists/songs/8, time:0:24
request: /api/songs/get?search=1, time:0:24
request: /api/songs/get?search=10, time:0:24
request: /api/playlists/upd/8, time:0:24
request: /api/playlists/get/8, time:0:24
request: /api/playlists/members/8, time:0:24
request: /api/playlists/songs/8, time:0:24
request: /api/team/members, time:0:24
request: /api/playlists/get?limit=500&offset=0, time:0:24
request: /api/playlists/get/8, time:0:24
request: /api/playlists/members/8, time:0:24
request: /api/playlists/songs/8, time:0:24
request: /api/team/members, time:0:24
request: /api/playlists/get/8, time:0:24
request: /api/playlists/members/8, time:0:24
request: /api/playlists/songs/8, time:0:24
request: /api/team/members, time:0:24
request: /api/playlists/get?limit=500&offset=0, time:0:24
request: /api/songs/random, time:0:24
request: /api/teams/logged, time:0:24
request: /api/playlists/next, time:0:24
request: /api/tasks/get, time:0:24
request: /api/playlists/members/8, time:0:24
request: /api/playlists/songs/8, time:0:24
request: /api/users/logged, time:0:24
request: /api/teams/logged, time:0:24
request: /api/roles/logged, time:0:24
request: /api/team/members, time:0:24
