Connected to DB
request: /api/songs/get_adv?limit=50&offset=0, time:15:54
request: /api/songs/get_adv?limit=50&offset=0, time:15:54
request: /api/songs/get_adv?limit=25&offset=0, time:15:54
request: /api/songs/get_adv?limit=5&offset=0, time:15:54
request: /api/songs/get_adv?limit=5&offset=5, time:15:54
request: /api/songs/get_adv?limit=5&offset=0, time:15:54
request: /api/songs/get_adv?limit=5&offset=0, time:15:54
request: /api/songs/get_adv?limit=25&offset=0, time:15:54
request: /api/songs/get_adv?limit=50&offset=0, time:15:54
request: /api/songs/get_adv?limit=50&offset=0, time:15:54
request: /api/songs/get_adv?limit=50&offset=0, time:15:54
request: /api/songs/get_adv?limit=50&offset=0, time:15:54
request: /api/songs/get_adv?limit=50&offset=0, time:15:54
request: /api/songs/get_adv?limit=50&offset=0, time:15:54
request: /api/songs/get_adv?limit=50&offset=0, time:15:54
request: /api/songs/get_adv?limit=50&offset=0, time:15:54
request: /api/songs/get_adv?limit=50&offset=0, time:15:54
request: /api/songs/get_adv?limit=50&offset=0, time:15:54
request: /api/songs/get_adv?limit=50&offset=0, time:15:54
request: /api/songs/get_adv?limit=50&offset=0, time:15:54
request: /api/songs/get_adv?limit=50&offset=0, time:15:54
request: /api/songs/get_adv?limit=50&offset=0, time:15:54
request: /api/songs/get_adv?limit=50&offset=0, time:15:54
request: /api/songs/get_adv?limit=50&offset=0, time:15:54
request: /api/songs/get_adv?limit=50&offset=0, time:15:54
request: /api/team/members, time:15:54
request: /api/playlists/get?limit=50&offset=0, time:15:54
request: /api/songs/get?limit=50&offset=0, time:15:54
request: /api/team/members, time:15:54
request: /api/playlists/get?limit=50&offset=0, time:15:54
request: /api/songs/get?limit=50&offset=0, time:15:54
request: /api/team/members, time:15:54
request: /api/tasks/get?limit=50&offset=0, time:15:54
request: /api/team/members, time:15:54
request: /api/tasks/get?limit=50&offset=0, time:15:54
request: /api/team/members, time:15:54
request: /api/tasks/get?limit=50&offset=0, time:15:54
request: /api/songs/get?limit=50&offset=0, time:15:54
request: /api/team/members, time:15:54
request: /api/team/members, time:15:54
request: /api/tasks/get?limit=50&offset=0, time:15:54
request: /api/team/members, time:15:54
request: /api/tasks/get?limit=50&offset=0, time:15:54
