Connected to DB
request: /api/songs/get?limit=50&offset=0, time:20:38
request: /api/teams/logged, time:20:38
request: /api/songs/random, time:20:38
request: /api/playlists/next, time:20:38
request: /api/tasks/get, time:20:38
request: /api/playlists/members/7, time:20:38
request: /api/playlists/songs/7, time:20:38
request: /api/login, time:20:38
LETS DO LOGIN
username: samuel.senigl@gmail.com
password: samueltelc12
account with this email was found
correct password and username
token generated
new token was saved, login was successful
request: /api/teams/logged, time:20:38
request: /api/songs/random, time:20:38
request: /api/playlists/next, time:20:38
request: /api/users/logged, time:20:38
request: /api/tasks/get, time:20:38
request: /api/playlists/members/7, time:20:38
request: /api/playlists/songs/7, time:20:38
request: /api/team/members, time:20:38
request: /api/playlists/get?limit=50&offset=0, time:20:38
request: /api/songs/get?limit=50&offset=0, time:20:38
request: /, time:20:38
request: /, time:20:38
request: /stat, time:20:38
request: /stat, time:20:38
request: /status.xsl, time:20:38
request: /status.xsl, time:20:38
request: /status, time:20:38
request: /status, time:20:38
request: /api/teams/logged, time:20:38
request: /api/songs/random, time:20:38
request: /api/playlists/next, time:20:38
request: /api/tasks/get, time:20:38
request: /api/playlists/members/7, time:20:38
request: /api/playlists/songs/7, time:20:38
request: /api/songs/get?limit=50&offset=0, time:20:38
